22:55:53 **** Rebuild of configuration Debug for project VectoresWithMemory ****
Info: Internal Builder is used for build
g++ -O0 -g3 -Wall -c -fmessage-length=0 -o "src\\VectoresWithMemory.o" "..\\src\\VectoresWithMemory.cpp" 
..\src\VectoresWithMemory.cpp: In function 'int main()':
..\src\VectoresWithMemory.cpp:27:15: warning: comparison between signed and unsigned integer expressions [-Wsign-compare]
  for(int i=0;i<strings.size();i++){
              ~^~~~~~~~~~~~~~~
g++ -o VectoresWithMemory.exe "src\\VectoresWithMemory.o" 
23:00:41 **** Incremental Build of configuration Debug for project VectoresWithMemory ****
Info: Internal Builder is used for build
g++ -O0 -g3 -Wall -c -fmessage-length=0 -o "src\\VectoresWithMemory.o" "..\\src\\VectoresWithMemory.cpp" 
g++ -o VectoresWithMemory.exe "src\\VectoresWithMemory.o" 
23:18:23 **** Incremental Build of configuration Debug for project VectoresWithMemory ****
Info: Internal Builder is used for build
g++ -O0 -g3 -Wall -c -fmessage-length=0 -o "src\\VectoresWithMemory.o" "..\\src\\VectoresWithMemory.cpp" 
..\src\VectoresWithMemory.cpp: In function 'int main()':
..\src\VectoresWithMemory.cpp:23:24: warning: comparison between signed and unsigned integer expressions [-Wsign-compare]
   if(numbers.capacity()!= capacity){
      ~~~~~~~~~~~~~~~~~~^~~~~~~~~~~
g++ -o VectoresWithMemory.exe "src\\VectoresWithMemory.o" 
23:18:44 **** Incremental Build of configuration Debug for project VectoresWithMemory ****
Info: Internal Builder is used for build
g++ -O0 -g3 -Wall -c -fmessage-length=0 -o "src\\VectoresWithMemory.o" "..\\src\\VectoresWithMemory.cpp" 
..\src\VectoresWithMemory.cpp: In function 'int main()':
..\src\VectoresWithMemory.cpp:23:24: warning: comparison between signed and unsigned integer expressions [-Wsign-compare]
   if(numbers.capacity()!= capacity){
      ~~~~~~~~~~~~~~~~~~^~~~~~~~~~~
g++ -o VectoresWithMemory.exe "src\\VectoresWithMemory.o" 
23:22:53 **** Incremental Build of configuration Debug for project VectoresWithMemory ****
Info: Internal Builder is used for build
g++ -O0 -g3 -Wall -c -fmessage-length=0 -o "src\\VectoresWithMemory.o" "..\\src\\VectoresWithMemory.cpp" 
..\src\VectoresWithMemory.cpp: In function 'int main()':
..\src\VectoresWithMemory.cpp:23:24: warning: comparison between signed and unsigned integer expressions [-Wsign-compare]
   if(numbers.capacity()!= capacity){
      ~~~~~~~~~~~~~~~~~~^~~~~~~~~~~
g++ -o VectoresWithMemory.exe "src\\VectoresWithMemory.o" 
23:25:00 **** Incremental Build of configuration Debug for project VectoresWithMemory ****
Info: Internal Builder is used for build
g++ -O0 -g3 -Wall -c -fmessage-length=0 -o "src\\VectoresWithMemory.o" "..\\src\\VectoresWithMemory.cpp" 
..\src\VectoresWithMemory.cpp: In function 'int main()':
..\src\VectoresWithMemory.cpp:23:24: warning: comparison between signed and unsigned integer expressions [-Wsign-compare]
   if(numbers.capacity()!= capacity){
      ~~~~~~~~~~~~~~~~~~^~~~~~~~~~~
g++ -o VectoresWithMemory.exe "src\\VectoresWithMemory.o" 
23:25:39 **** Incremental Build of configuration Debug for project VectoresWithMemory ****
Info: Internal Builder is used for build
g++ -O0 -g3 -Wall -c -fmessage-length=0 -o "src\\VectoresWithMemory.o" "..\\src\\VectoresWithMemory.cpp" 
..\src\VectoresWithMemory.cpp: In function 'int main()':
..\src\VectoresWithMemory.cpp:23:24: warning: comparison between signed and unsigned integer expressions [-Wsign-compare]
   if(numbers.capacity()!= capacity){
      ~~~~~~~~~~~~~~~~~~^~~~~~~~~~~
g++ -o VectoresWithMemory.exe "src\\VectoresWithMemory.o" 
23:26:19 **** Incremental Build of configuration Debug for project VectoresWithMemory ****
Info: Internal Builder is used for build
g++ -O0 -g3 -Wall -c -fmessage-length=0 -o "src\\VectoresWithMemory.o" "..\\src\\VectoresWithMemory.cpp" 
..\src\VectoresWithMemory.cpp: In function 'int main()':
..\src\VectoresWithMemory.cpp:23:24: warning: comparison between signed and unsigned integer expressions [-Wsign-compare]
   if(numbers.capacity()!= capacity){
      ~~~~~~~~~~~~~~~~~~^~~~~~~~~~~
g++ -o VectoresWithMemory.exe "src\\VectoresWithMemory.o" 
23:27:23 **** Incremental Build of configuration Debug for project VectoresWithMemory ****
Info: Internal Builder is used for build
g++ -O0 -g3 -Wall -c -fmessage-length=0 -o "src\\VectoresWithMemory.o" "..\\src\\VectoresWithMemory.cpp" 
..\src\VectoresWithMemory.cpp: In function 'int main()':
..\src\VectoresWithMemory.cpp:23:24: warning: comparison between signed and unsigned integer expressions [-Wsign-compare]
   if(numbers.capacity()!= capacity){
      ~~~~~~~~~~~~~~~~~~^~~~~~~~~~~
g++ -o VectoresWithMemory.exe "src\\VectoresWithMemory.o" 
